Mon, 27 Jul 20 18:31:54 +0200: An unknown route: method->GET, url->/sdsdrfreg2323232
Mon, 27 Jul 20 18:31:54 +0200: An unknown route: method->GET, url->/favicon.ico
Mon, 27 Jul 20 18:32:06 +0200: An unknown route: method->GET, url->/favicon.ico
Mon, 27 Jul 20 18:32:19 +0200: An unknown route: method->GET, url->////
Mon, 27 Jul 20 18:32:19 +0200: An unknown route: method->GET, url->/favicon.ico
Mon, 27 Jul 20 18:32:28 +0200: A route hasn't been handled: method->GET, url->/
Mon, 27 Jul 20 18:32:29 +0200: An unknown route: method->GET, url->/favicon.ico
Mon, 27 Jul 20 18:36:34 +0200: A route hasn't been handled: method->GET, url->/
Mon, 27 Jul 20 18:36:34 +0200: An unknown route: method->GET, url->/favicon.ico
Mon, 27 Jul 20 18:55:03 +0200: An unknown route: method->GET, url->/favicon.ico
Mon, 27 Jul 20 18:55:05 +0200: An unknown route: method->GET, url->/favicon.ico
Mon, 27 Jul 20 19:10:59 +0200: An unknown route: method->GET, url->/favicon.ico
Mon, 27 Jul 20 19:11:01 +0200: An unknown route: method->GET, url->/favicon.ico
Mon, 27 Jul 20 19:15:04 +0200: An unknown route: method->GET, url->/favicon.ico
Mon, 27 Jul 20 19:15:04 +0200: An unknown route: method->GET, url->/favicon.ico
Mon, 27 Jul 20 19:15:07 +0200: An unknown route: method->GET, url->/favicon.ico
Mon, 27 Jul 20 19:15:35 +0200: An unknown route: method->GET, url->/favicon.ico
Mon, 27 Jul 20 19:16:09 +0200: An unknown route: method->GET, url->/favicon.ico
Mon, 27 Jul 20 19:16:16 +0200: An unknown route: method->GET, url->/favicon.ico
Mon, 27 Jul 20 19:16:50 +0200: An unknown route: method->GET, url->/favicon.ico
Mon, 27 Jul 20 19:16:53 +0200: An unknown route: method->GET, url->/assets/css/main.css
Mon, 27 Jul 20 19:16:53 +0200: An unknown route: method->GET, url->/favicon.ico
Mon, 27 Jul 20 19:21:26 +0200: An unknown route: method->GET, url->/assets/css/main.css
Mon, 27 Jul 20 19:21:26 +0200: An unknown route: method->GET, url->/favicon.ico
Mon, 27 Jul 20 19:21:28 +0200: An unknown route: method->GET, url->/favicon.ico
Mon, 27 Jul 20 19:34:55 +0200: An unknown route: method->GET, url->/favicon.ico
Mon, 27 Jul 20 19:35:00 +0200: An unknown route: method->GET, url->/favicon.ico
Mon, 27 Jul 20 19:36:01 +0200: An unknown route: method->GET, url->/favicon.ico
Mon, 27 Jul 20 19:36:03 +0200: An unknown route: method->GET, url->/favicon.ico
Mon, 27 Jul 20 19:36:28 +0200: An unknown route: method->GET, url->/favicon.ico
Mon, 27 Jul 20 19:36:31 +0200: An unknown route: method->GET, url->/favicon.ico
Mon, 27 Jul 20 19:37:32 +0200: An unknown route: method->GET, url->/favicon.ico
Mon, 27 Jul 20 19:37:34 +0200: An unknown route: method->GET, url->/favicon.ico
Mon, 27 Jul 20 19:38:11 +0200: An unknown route: method->GET, url->/favicon.ico
Mon, 27 Jul 20 19:39:33 +0200: An unknown route: method->GET, url->/favicon.ico
Mon, 27 Jul 20 19:40:02 +0200: An unknown route: method->GET, url->/favicon.ico
Mon, 27 Jul 20 19:40:09 +0200: An unknown route: method->GET, url->/assets/css/main.css
Mon, 27 Jul 20 19:40:09 +0200: An unknown route: method->GET, url->/favicon.ico
Mon, 27 Jul 20 19:40:13 +0200: An unknown route: method->GET, url->/assets/css/main.css
Mon, 27 Jul 20 19:41:40 +0200: An unknown route: method->GET, url->/favicon.ico
Mon, 27 Jul 20 19:42:26 +0200: An unknown route: method->GET, url->/favicon.ico
Mon, 27 Jul 20 19:42:27 +0200: An unknown route: method->GET, url->/favicon.ico
Mon, 27 Jul 20 19:43:05 +0200: An unknown route: method->GET, url->/favicon.ico
Mon, 27 Jul 20 19:43:18 +0200: An unknown route: method->GET, url->/favicon.ico
Mon, 27 Jul 20 19:44:21 +0200: An unknown route: method->GET, url->/favicon.ico
Mon, 27 Jul 20 19:44:22 +0200: An unknown route: method->GET, url->/favicon.ico
Mon, 27 Jul 20 19:44:42 +0200: An unknown route: method->GET, url->/favicon.ico
Mon, 27 Jul 20 19:44:59 +0200: An unknown route: method->GET, url->/favicon.ico
Mon, 27 Jul 20 19:45:37 +0200: An unknown route: method->GET, url->/favicon.ico
Mon, 27 Jul 20 19:45:38 +0200: An unknown route: method->GET, url->/favicon.ico
Mon, 27 Jul 20 19:46:44 +0200: An unknown route: method->GET, url->/favicon.ico
Mon, 27 Jul 20 19:51:20 +0200: An unknown route: method->GET, url->/assets/css/main.css
Mon, 27 Jul 20 19:51:20 +0200: An unknown route: method->GET, url->/favicon.ico
Mon, 27 Jul 20 19:54:01 +0200: An unknown route: method->GET, url->/assets/css/main.css
Mon, 27 Jul 20 19:54:01 +0200: An unknown route: method->GET, url->/favicon.ico
Mon, 27 Jul 20 19:54:21 +0200: An unknown route: method->GET, url->/assets/css/main.css
Mon, 27 Jul 20 19:54:21 +0200: An unknown route: method->GET, url->/favicon.ico
Mon, 27 Jul 20 19:54:50 +0200: An unknown route: method->GET, url->/assets/css/main.css
Mon, 27 Jul 20 19:54:50 +0200: An unknown route: method->GET, url->/favicon.ico
Mon, 27 Jul 20 19:55:22 +0200: An unknown route: method->GET, url->/favicon.ico
Mon, 27 Jul 20 19:55:53 +0200: An unknown route: method->GET, url->/assets/css/main.css
Mon, 27 Jul 20 19:55:53 +0200: An unknown route: method->GET, url->/favicon.ico
Mon, 27 Jul 20 19:56:19 +0200: An unknown route: method->GET, url->/favicon.ico
Mon, 27 Jul 20 19:58:39 +0200: An unknown route: method->GET, url->/assets/css/main.css
Mon, 27 Jul 20 19:58:39 +0200: An unknown route: method->GET, url->/favicon.ico
